Using pre-set license
Built from '2022.3/staging' branch; Version is '2022.3.7f1 (b16b3b16c7a0) revision 11627323'; Using compiler version '192829333'; Build Type 'Release'
OS: 'Windows 10  (10.0.19045) 64bit Enterprise' Language: 'en' Physical Memory: 16222 MB
BatchMode: 1, IsHumanControllingUs: 0, StartBugReporterOnCrash: 0, Is64bit: 1, IsPro: 1

COMMAND LINE ARGUMENTS:
C:\Program Files\Unity\Hub\Editor\2022.3.7f1\Editor\Unity.exe
-adb2
-batchMode
-noUpm
-name
AssetImportWorker1
-projectPath
C:/Users/GHYATT/My project
-logFile
Logs/AssetImportWorker1.log
-srvPort
61799
Successfully changed project path to: C:/Users/GHYATT/My project
C:/Users/GHYATT/My project
[UnityMemory] Configuration Parameters - Can be set up in boot.config
    "memorysetup-bucket-allocator-granularity=16"
    "memorysetup-bucket-allocator-bucket-count=8"
    "memorysetup-bucket-allocator-block-size=33554432"
    "memorysetup-bucket-allocator-block-count=8"
    "memorysetup-main-allocator-block-size=16777216"
    "memorysetup-thread-allocator-block-size=16777216"
    "memorysetup-gfx-main-allocator-block-size=16777216"
    "memorysetup-gfx-thread-allocator-block-size=16777216"
    "memorysetup-cache-allocator-block-size=4194304"
    "memorysetup-typetree-allocator-block-size=2097152"
    "memorysetup-profiler-bucket-allocator-granularity=16"
    "memorysetup-profiler-bucket-allocator-bucket-count=8"
    "memorysetup-profiler-bucket-allocator-block-size=33554432"
    "memorysetup-profiler-bucket-allocator-block-count=8"
    "memorysetup-profiler-allocator-block-size=16777216"
    "memorysetup-profiler-editor-allocator-block-size=1048576"
    "memorysetup-temp-allocator-size-main=16777216"
    "memorysetup-job-temp-allocator-block-size=2097152"
    "memorysetup-job-temp-allocator-block-size-background=1048576"
    "memorysetup-job-temp-allocator-reduction-small-platforms=262144"
    "memorysetup-allocator-temp-initial-block-size-main=262144"
    "memorysetup-allocator-temp-initial-block-size-worker=262144"
    "memorysetup-temp-allocator-size-background-worker=32768"
    "memorysetup-temp-allocator-size-job-worker=262144"
    "memorysetup-temp-allocator-size-preload-manager=33554432"
    "memorysetup-temp-allocator-size-nav-mesh-worker=65536"
    "memorysetup-temp-allocator-size-audio-worker=65536"
    "memorysetup-temp-allocator-size-cloud-worker=32768"
    "memorysetup-temp-allocator-size-gi-baking-worker=262144"
    "memorysetup-temp-allocator-size-gfx=262144"
Player connection [20684] Host "[IP] 129.79.208.51 [Port] 0 [Flags] 2 [Guid] 1393450647 [EditorId] 1393450647 [Version] 1048832 [Id] WindowsEditor(7,IULB-G-FF073-03) [Debug] 1 [PackageName] WindowsEditor [ProjectName] Editor" joined multi-casting on [225.0.0.222:54997]...

Player connection [20684] Host "[IP] 129.79.208.51 [Port] 0 [Flags] 2 [Guid] 1393450647 [EditorId] 1393450647 [Version] 1048832 [Id] WindowsEditor(7,IULB-G-FF073-03) [Debug] 1 [PackageName] WindowsEditor [ProjectName] Editor" joined alternative multi-casting on [225.0.0.222:34997]...

Refreshing native plugins compatible for Editor in 970.05 ms, found 3 plugins.
Preloading 0 native plugins for Editor in 0.00 ms.
Initialize engine version: 2022.3.7f1 (b16b3b16c7a0)
[Subsystems] Discovering subsystems at path C:/Program Files/Unity/Hub/Editor/2022.3.7f1/Editor/Data/Resources/UnitySubsystems
[Subsystems] Discovering subsystems at path C:/Users/GHYATT/My project/Assets
GfxDevice: creating device client; threaded=0; jobified=0
Direct3D:
    Version:  Direct3D 11.0 [level 11.1]
    Renderer: NVIDIA GeForce RTX 4060 Ti (ID=0x2803)
    Vendor:   NVIDIA
    VRAM:     7963 MB
    Driver:   31.0.15.3623
Initialize mono
Mono path[0] = 'C:/Program Files/Unity/Hub/Editor/2022.3.7f1/Editor/Data/Managed'
Mono path[1] = 'C:/Program Files/Unity/Hub/Editor/2022.3.7f1/Editor/Data/MonoBleedingEdge/lib/mono/unityjit-win32'
Mono config path = 'C:/Program Files/Unity/Hub/Editor/2022.3.7f1/Editor/Data/MonoBleedingEdge/etc'
Using monoOptions --debugger-agent=transport=dt_socket,embedding=1,server=y,suspend=n,address=127.0.0.1:56908
Begin MonoManager ReloadAssembly
Registering precompiled unity dll's ...
Register platform support module: C:/Program Files/Unity/Hub/Editor/2022.3.7f1/Editor/Data/PlaybackEngines/WindowsStandaloneSupport/UnityEditor.WindowsStandalone.Extensions.dll
Registered in 0.062576 seconds.
- Loaded All Assemblies, in  3.686 seconds
Native extension for WindowsStandalone target not found
Mono: successfully reloaded assembly
- Finished resetting the current domain, in  0.228 seconds
Domain Reload Profiling: 3913ms
	BeginReloadAssembly (2720ms)
		ExecutionOrderSort (0ms)
		DisableScriptedObjects (0ms)
		BackupInstance (0ms)
		ReleaseScriptingObjects (0ms)
		CreateAndSetChildDomain (1ms)
	RebuildCommonClasses (241ms)
	RebuildNativeTypeToScriptingClass (10ms)
	initialDomainReloadingComplete (107ms)
	LoadAllAssembliesAndSetupDomain (607ms)
		LoadAssemblies (2718ms)
		RebuildTransferFunctionScriptingTraits (0ms)
		AnalyzeDomain (605ms)
			TypeCache.Refresh (604ms)
				TypeCache.ScanAssembly (463ms)
			ScanForSourceGeneratedMonoScriptInfo (0ms)
			ResolveRequiredComponents (0ms)
	FinalizeReload (229ms)
		ReleaseScriptCaches (0ms)
		RebuildScriptCaches (0ms)
		SetupLoadedEditorAssemblies (176ms)
			LogAssemblyErrors (0ms)
			InitializePlatformSupportModulesInManaged (8ms)
			SetLoadedEditorAssemblies (7ms)
			RefreshPlugins (0ms)
			BeforeProcessingInitializeOnLoad (2ms)
			ProcessInitializeOnLoadAttributes (112ms)
			ProcessInitializeOnLoadMethodAttributes (48ms)
			AfterProcessingInitializeOnLoad (0ms)
			EditorAssembliesLoaded (0ms)
		ExecutionOrderSort2 (0ms)
		AwakeInstancesAfterBackupRestoration (0ms)
========================================================================
Worker process is ready to serve import requests
Begin MonoManager ReloadAssembly
Symbol file LoadedFromMemory doesn't match image C:\Users\GHYATT\My project\Library\PackageCache\com.unity.visualscripting@1.8.0\Editor\VisualScripting.Core\Dependencies\YamlDotNet\Unity.VisualScripting.YamlDotNet.dll
Symbol file LoadedFromMemory doesn't match image C:\Users\GHYATT\My project\Library\PackageCache\com.unity.visualscripting@1.8.0\Editor\VisualScripting.Core\Dependencies\DotNetZip\Unity.VisualScripting.IonicZip.dll
- Loaded All Assemblies, in  3.201 seconds
Refreshing native plugins compatible for Editor in 2.41 ms, found 3 plugins.
Native extension for WindowsStandalone target not found
Mono: successfully reloaded assembly
- Finished resetting the current domain, in  0.451 seconds
Domain Reload Profiling: 3650ms
	BeginReloadAssembly (132ms)
		ExecutionOrderSort (0ms)
		DisableScriptedObjects (5ms)
		BackupInstance (0ms)
		ReleaseScriptingObjects (0ms)
		CreateAndSetChildDomain (19ms)
	RebuildCommonClasses (28ms)
	RebuildNativeTypeToScriptingClass (10ms)
	initialDomainReloadingComplete (36ms)
	LoadAllAssembliesAndSetupDomain (2993ms)
		LoadAssemblies (2786ms)
		RebuildTransferFunctionScriptingTraits (0ms)
		AnalyzeDomain (284ms)
			TypeCache.Refresh (266ms)
				TypeCache.ScanAssembly (223ms)
			ScanForSourceGeneratedMonoScriptInfo (13ms)
			ResolveRequiredComponents (3ms)
	FinalizeReload (451ms)
		ReleaseScriptCaches (0ms)
		RebuildScriptCaches (0ms)
		SetupLoadedEditorAssemblies (323ms)
			LogAssemblyErrors (0ms)
			InitializePlatformSupportModulesInManaged (6ms)
			SetLoadedEditorAssemblies (4ms)
			RefreshPlugins (0ms)
			BeforeProcessingInitializeOnLoad (50ms)
			ProcessInitializeOnLoadAttributes (239ms)
			ProcessInitializeOnLoadMethodAttributes (17ms)
			AfterProcessingInitializeOnLoad (7ms)
			EditorAssembliesLoaded (0ms)
		ExecutionOrderSort2 (0ms)
		AwakeInstancesAfterBackupRestoration (6ms)
Launched and connected shader compiler UnityShaderCompiler.exe after 0.06 seconds
Refreshing native plugins compatible for Editor in 1.41 ms, found 3 plugins.
Preloading 0 native plugins for Editor in 0.00 ms.
Unloading 3066 Unused Serialized files (Serialized files now loaded: 0)
Unloading 31 unused Assets / (56.4 KB). Loaded Objects now: 3528.
Memory consumption went from 114.6 MB to 114.6 MB.
Total: 1.946300 ms (FindLiveObjects: 0.136100 ms CreateObjectMapping: 0.038000 ms MarkObjects: 1.706300 ms  DeleteObjects: 0.065200 ms)

AssetImportParameters requested are different than current active one (requested -> active):
  custom:container-demuxer-ogg: 62fdf1f143b41e24485cea50d1cbac27 -> 
  custom:video-decoder-ogg-theora: a1e56fd34408186e4bbccfd4996cb3dc -> 
  custom:framework-win-MediaFoundation: 216162199b28c13a410421893ffa2e32 -> 
  custom:CustomObjectIndexerAttribute: 756ad292c208cfabdd7b50bc23989ffe -> 
  custom:container-demuxer-webm: 4f35f7cbe854078d1ac9338744f61a02 -> 
  custom:container-muxer-webm: aa71ff27fc2769a1b78a27578f13a17b -> 
  custom:video-decoder-webm-vp8: 9c59270c3fd7afecdb556c50c9e8de78 -> 
  custom:SearchIndexIgnoredProperties: e643bd26f0fe6173181afceb89e7c659 -> 
  custom:AudioImporter_EditorPlatform: d09bf68614088b80899f8185d706f6e7 -> 
  custom:video-encoder-webm-vp8: eb34c28f22e8b96e1ab97ce403110664 -> 
  custom:audio-decoder-ogg-vorbis: bf7c407c2cedff20999df2af8eb42d56 -> 
  custom:audio-encoder-webm-vorbis: bf7c407c2cedff20999df2af8eb42d56 -> 
========================================================================
Received Import Request.
  Time since last request: 36508.661760 seconds.
  path: Assets/Textures
  artifactKey: Guid(e2949e466ce9ba34b8d89e840add6769) Importer(815301076,1909f56bfc062723c751e8b465ee728b)
Start importing Assets/Textures using Guid(e2949e466ce9ba34b8d89e840add6769) Importer(815301076,1909f56bfc062723c751e8b465ee728b)  -> (artifact id: '396664af9f71e1fca69672ed91f16fc4') in 0.002224 seconds
Number of updated asset objects reloaded before import = 0
Number of asset objects unloaded after import = 0
========================================================================
Received Import Request.
  Time since last request: 0.000017 seconds.
  path: Assets/Textures/brick_red_4104_5283_Small.jpg
  artifactKey: Guid(b53d1f1122ac36e44819ac0c892b6216) Importer(815301076,1909f56bfc062723c751e8b465ee728b)
Start importing Assets/Textures/brick_red_4104_5283_Small.jpg using Guid(b53d1f1122ac36e44819ac0c892b6216) Importer(815301076,1909f56bfc062723c751e8b465ee728b)  -> (artifact id: 'ff447f21ad0f84a38adba7620beab911') in 0.042911 seconds
Number of updated asset objects reloaded before import = 0
Number of asset objects unloaded after import = 2
========================================================================
Received Import Request.
  Time since last request: 1124.496382 seconds.
  path: Assets/Preview_KenneyNL.png
  artifactKey: Guid(2687d15df7e1a5f4a8e0843d738f11e4) Importer(815301076,1909f56bfc062723c751e8b465ee728b)
Start importing Assets/Preview_KenneyNL.png using Guid(2687d15df7e1a5f4a8e0843d738f11e4) Importer(815301076,1909f56bfc062723c751e8b465ee728b)  -> (artifact id: '0b47168281114cac121f280ed5a77d87') in 0.018294 seconds
Number of updated asset objects reloaded before import = 0
Number of asset objects unloaded after import = 2
========================================================================
Received Import Request.
  Time since last request: 360.088244 seconds.
  path: Assets/Character Model/Model/basicCharacter.fbx
  artifactKey: Guid(df38d25b6fd39b44eacfb4a2b784547c) Importer(815301076,1909f56bfc062723c751e8b465ee728b)
Start importing Assets/Character Model/Model/basicCharacter.fbx using Guid(df38d25b6fd39b44eacfb4a2b784547c) Importer(815301076,1909f56bfc062723c751e8b465ee728b)  -> (artifact id: 'f7da71afd670787e8035c48b443ac996') in 0.198043 seconds
Number of updated asset objects reloaded before import = 0
Number of asset objects unloaded after import = 63
========================================================================
Received Import Request.
  Time since last request: 168.009014 seconds.
  path: Assets/Character Model/Material/Advanced/skin_adventurer.png
  artifactKey: Guid(da80eeb08afc2d44393ca0c3ccb450ef) Importer(815301076,1909f56bfc062723c751e8b465ee728b)
Start importing Assets/Character Model/Material/Advanced/skin_adventurer.png using Guid(da80eeb08afc2d44393ca0c3ccb450ef) Importer(815301076,1909f56bfc062723c751e8b465ee728b)  -> (artifact id: 'b46250befc04ec3fd3cc1eb3704b8475') in 0.023368 seconds
Number of updated asset objects reloaded before import = 0
Number of asset objects unloaded after import = 2
========================================================================
Received Import Request.
  Time since last request: 0.000710 seconds.
  path: Assets/Character Model/Material/Advanced/skin_manAlternative.mat
  artifactKey: Guid(e74499fe3dcb6214a9940679f94cf087) Importer(815301076,1909f56bfc062723c751e8b465ee728b)
Start importing Assets/Character Model/Material/Advanced/skin_manAlternative.mat using Guid(e74499fe3dcb6214a9940679f94cf087) Importer(815301076,1909f56bfc062723c751e8b465ee728b)  -> (artifact id: '40eba1932ba5e12a55cb245bedd41d86') in 0.029070 seconds
Number of updated asset objects reloaded before import = 0
Number of asset objects unloaded after import = 2
========================================================================
Received Import Request.
  Time since last request: 0.000017 seconds.
  path: Assets/Character Model/Material/Advanced/skin_robot.png
  artifactKey: Guid(14dc97ae143d5254cbdd1566ecade7fd) Importer(815301076,1909f56bfc062723c751e8b465ee728b)
Start importing Assets/Character Model/Material/Advanced/skin_robot.png using Guid(14dc97ae143d5254cbdd1566ecade7fd) Importer(815301076,1909f56bfc062723c751e8b465ee728b)  -> (artifact id: 'ecf6d192abac39b653a7e0af20aeb35a') in 0.018982 seconds
Number of updated asset objects reloaded before import = 0
Number of asset objects unloaded after import = 2
========================================================================
Received Import Request.
  Time since last request: 0.000016 seconds.
  path: Assets/Character Model/Material/Advanced/skin_man.png
  artifactKey: Guid(7a362ccd7f7207a43a886cc38bd0dc88) Importer(815301076,1909f56bfc062723c751e8b465ee728b)
Start importing Assets/Character Model/Material/Advanced/skin_man.png using Guid(7a362ccd7f7207a43a886cc38bd0dc88) Importer(815301076,1909f56bfc062723c751e8b465ee728b)  -> (artifact id: '3df3610fbf3058929df82148c415f411') in 0.016151 seconds
Number of updated asset objects reloaded before import = 0
Number of asset objects unloaded after import = 2
========================================================================
Received Import Request.
  Time since last request: 0.000016 seconds.
  path: Assets/Character Model/Material/Advanced/skin_soldier.mat
  artifactKey: Guid(032ce1fbf28bb5c4aad37d379b23abd3) Importer(815301076,1909f56bfc062723c751e8b465ee728b)
Start importing Assets/Character Model/Material/Advanced/skin_soldier.mat using Guid(032ce1fbf28bb5c4aad37d379b23abd3) Importer(815301076,1909f56bfc062723c751e8b465ee728b)  -> (artifact id: '5681de24cc59976dd7ed69dfc08c444b') in 0.011395 seconds
Number of updated asset objects reloaded before import = 0
Number of asset objects unloaded after import = 2
========================================================================
Received Import Request.
  Time since last request: 0.000016 seconds.
  path: Assets/Character Model/Material/Advanced/skin_soldier.png
  artifactKey: Guid(5b175598215bfd44180be04c79b3fafc) Importer(815301076,1909f56bfc062723c751e8b465ee728b)
Start importing Assets/Character Model/Material/Advanced/skin_soldier.png using Guid(5b175598215bfd44180be04c79b3fafc) Importer(815301076,1909f56bfc062723c751e8b465ee728b)  -> (artifact id: '956cd31fd5c53b8bd756412cb36458dc') in 0.016934 seconds
Number of updated asset objects reloaded before import = 0
Number of asset objects unloaded after import = 2
========================================================================
Received Import Request.
  Time since last request: 0.000017 seconds.
  path: Assets/Character Model/Material/Advanced/skin_womanAlternative.mat
  artifactKey: Guid(d78ae75865bb57b4e84724e915e80669) Importer(815301076,1909f56bfc062723c751e8b465ee728b)
Start importing Assets/Character Model/Material/Advanced/skin_womanAlternative.mat using Guid(d78ae75865bb57b4e84724e915e80669) Importer(815301076,1909f56bfc062723c751e8b465ee728b)  -> (artifact id: '51977313bf70675496de8ce3ede2c279') in 0.011658 seconds
Number of updated asset objects reloaded before import = 0
Number of asset objects unloaded after import = 2
Editor requested this worker to shutdown with reason: Scaling down because of idle timeout
TcpMessagingSession - receive error
AssetImportWorkerClient::OnTransportError - code=2 error=End of file
AssetImportWorker is now disconnected from the server
Process exiting
Exiting without the bug reporter. Application will terminate with return code 0